{"C:\\Users\\mojon\\Desktop\\SCHOOL\\4350\\CarDex\\CarDexFrontend\\src\\App.tsx": {"path":"C:\\Users\\mojon\\Desktop\\SCHOOL\\4350\\CarDex\\CarDexFrontend\\src\\App.tsx","statementMap":{"0":{"start":{"line":6,"column":2},"end":{"line":23,"column":4}}},"fnMap":{"0":{"name":"App","decl":{"start":{"line":5,"column":9},"end":{"line":5,"column":12}},"loc":{"start":{"line":5,"column":15},"end":{"line":24,"column":1}},"line":5}},"branchMap":{},"s":{"0":0},"f":{"0":0},"b":{}}
,"C:\\Users\\mojon\\Desktop\\SCHOOL\\4350\\CarDex\\CarDexFrontend\\src\\index.tsx": {"path":"C:\\Users\\mojon\\Desktop\\SCHOOL\\4350\\CarDex\\CarDexFrontend\\src\\index.tsx","statementMap":{"0":{"start":{"line":7,"column":13},"end":{"line":9,"column":1}},"1":{"start":{"line":10,"column":0},"end":{"line":14,"column":2}},"2":{"start":{"line":19,"column":0},"end":{"line":19,"column":18}}},"fnMap":{},"branchMap":{},"s":{"0":0,"1":0,"2":0},"f":{},"b":{}}
,"C:\\Users\\mojon\\Desktop\\SCHOOL\\4350\\CarDex\\CarDexFrontend\\src\\logic\\TradingEngine.ts": {"path":"C:\\Users\\mojon\\Desktop\\SCHOOL\\4350\\CarDex\\CarDexFrontend\\src\\logic\\TradingEngine.ts","statementMap":{"0":{"start":{"line":31,"column":8},"end":{"line":34,"column":9}},"1":{"start":{"line":33,"column":12},"end":{"line":33,"column":76}},"2":{"start":{"line":37,"column":8},"end":{"line":40,"column":9}},"3":{"start":{"line":39,"column":12},"end":{"line":39,"column":77}},"4":{"start":{"line":45,"column":8},"end":{"line":58,"column":9}},"5":{"start":{"line":47,"column":12},"end":{"line":47,"column":64}},"6":{"start":{"line":50,"column":13},"end":{"line":58,"column":9}},"7":{"start":{"line":52,"column":12},"end":{"line":52,"column":71}},"8":{"start":{"line":57,"column":12},"end":{"line":57,"column":65}},"9":{"start":{"line":70,"column":8},"end":{"line":73,"column":9}},"10":{"start":{"line":72,"column":12},"end":{"line":72,"column":65}},"11":{"start":{"line":76,"column":8},"end":{"line":79,"column":9}},"12":{"start":{"line":78,"column":12},"end":{"line":78,"column":71}},"13":{"start":{"line":82,"column":8},"end":{"line":82,"column":31}},"14":{"start":{"line":93,"column":8},"end":{"line":96,"column":9}},"15":{"start":{"line":95,"column":12},"end":{"line":95,"column":82}},"16":{"start":{"line":99,"column":8},"end":{"line":102,"column":9}},"17":{"start":{"line":101,"column":12},"end":{"line":101,"column":84}},"18":{"start":{"line":105,"column":8},"end":{"line":108,"column":9}},"19":{"start":{"line":107,"column":12},"end":{"line":107,"column":86}},"20":{"start":{"line":111,"column":8},"end":{"line":111,"column":31}},"21":{"start":{"line":126,"column":27},"end":{"line":132,"column":9}},"22":{"start":{"line":135,"column":8},"end":{"line":137,"column":9}},"23":{"start":{"line":136,"column":12},"end":{"line":136,"column":46}},"24":{"start":{"line":140,"column":47},"end":{"line":149,"column":9}},"25":{"start":{"line":151,"column":8},"end":{"line":151,"column":30}},"26":{"start":{"line":163,"column":27},"end":{"line":163,"column":60}},"27":{"start":{"line":164,"column":25},"end":{"line":164,"column":57}},"28":{"start":{"line":165,"column":34},"end":{"line":165,"column":63}},"29":{"start":{"line":167,"column":8},"end":{"line":167,"column":73}},"30":{"start":{"line":172,"column":8},"end":{"line":172,"column":26}}},"fnMap":{"0":{"name":"(anonymous_0)","decl":{"start":{"line":21,"column":4},"end":{"line":21,"column":5}},"loc":{"start":{"line":28,"column":4},"end":{"line":60,"column":5}},"line":28},"1":{"name":"(anonymous_1)","decl":{"start":{"line":64,"column":4},"end":{"line":64,"column":5}},"loc":{"start":{"line":68,"column":4},"end":{"line":83,"column":3}},"line":68},"2":{"name":"(anonymous_2)","decl":{"start":{"line":86,"column":4},"end":{"line":86,"column":5}},"loc":{"start":{"line":91,"column":4},"end":{"line":112,"column":5}},"line":91},"3":{"name":"(anonymous_3)","decl":{"start":{"line":116,"column":4},"end":{"line":116,"column":5}},"loc":{"start":{"line":123,"column":4},"end":{"line":152,"column":5}},"line":123},"4":{"name":"(anonymous_4)","decl":{"start":{"line":157,"column":4},"end":{"line":157,"column":5}},"loc":{"start":{"line":162,"column":4},"end":{"line":168,"column":5}},"line":162},"5":{"name":"(anonymous_5)","decl":{"start":{"line":171,"column":4},"end":{"line":171,"column":5}},"loc":{"start":{"line":171,"column":38},"end":{"line":173,"column":5}},"line":171}},"branchMap":{"0":{"loc":{"start":{"line":31,"column":8},"end":{"line":34,"column":9}},"type":"if","locations":[{"start":{"line":31,"column":8},"end":{"line":34,"column":9}},{"start":{},"end":{}}],"line":31},"1":{"loc":{"start":{"line":37,"column":8},"end":{"line":40,"column":9}},"type":"if","locations":[{"start":{"line":37,"column":8},"end":{"line":40,"column":9}},{"start":{},"end":{}}],"line":37},"2":{"loc":{"start":{"line":45,"column":8},"end":{"line":58,"column":9}},"type":"if","locations":[{"start":{"line":45,"column":8},"end":{"line":58,"column":9}},{"start":{"line":50,"column":13},"end":{"line":58,"column":9}}],"line":45},"3":{"loc":{"start":{"line":50,"column":13},"end":{"line":58,"column":9}},"type":"if","locations":[{"start":{"line":50,"column":13},"end":{"line":58,"column":9}},{"start":{"line":56,"column":8},"end":{"line":58,"column":9}}],"line":50},"4":{"loc":{"start":{"line":70,"column":8},"end":{"line":73,"column":9}},"type":"if","locations":[{"start":{"line":70,"column":8},"end":{"line":73,"column":9}},{"start":{},"end":{}}],"line":70},"5":{"loc":{"start":{"line":76,"column":8},"end":{"line":79,"column":9}},"type":"if","locations":[{"start":{"line":76,"column":8},"end":{"line":79,"column":9}},{"start":{},"end":{}}],"line":76},"6":{"loc":{"start":{"line":93,"column":8},"end":{"line":96,"column":9}},"type":"if","locations":[{"start":{"line":93,"column":8},"end":{"line":96,"column":9}},{"start":{},"end":{}}],"line":93},"7":{"loc":{"start":{"line":99,"column":8},"end":{"line":102,"column":9}},"type":"if","locations":[{"start":{"line":99,"column":8},"end":{"line":102,"column":9}},{"start":{},"end":{}}],"line":99},"8":{"loc":{"start":{"line":105,"column":8},"end":{"line":108,"column":9}},"type":"if","locations":[{"start":{"line":105,"column":8},"end":{"line":108,"column":9}},{"start":{},"end":{}}],"line":105},"9":{"loc":{"start":{"line":105,"column":12},"end":{"line":105,"column":59}},"type":"binary-expr","locations":[{"start":{"line":105,"column":12},"end":{"line":105,"column":21}},{"start":{"line":105,"column":25},"end":{"line":105,"column":59}}],"line":105},"10":{"loc":{"start":{"line":135,"column":8},"end":{"line":137,"column":9}},"type":"if","locations":[{"start":{"line":135,"column":8},"end":{"line":137,"column":9}},{"start":{},"end":{}}],"line":135},"11":{"loc":{"start":{"line":146,"column":27},"end":{"line":146,"column":53}},"type":"binary-expr","locations":[{"start":{"line":146,"column":27},"end":{"line":146,"column":45}},{"start":{"line":146,"column":49},"end":{"line":146,"column":53}}],"line":146},"12":{"loc":{"start":{"line":160,"column":8},"end":{"line":160,"column":37}},"type":"default-arg","locations":[{"start":{"line":160,"column":35},"end":{"line":160,"column":37}}],"line":160},"13":{"loc":{"start":{"line":167,"column":15},"end":{"line":167,"column":72}},"type":"cond-expr","locations":[{"start":{"line":167,"column":55},"end":{"line":167,"column":61}},{"start":{"line":167,"column":64},"end":{"line":167,"column":72}}],"line":167}},"s":{"0":12,"1":1,"2":11,"3":1,"4":10,"5":5,"6":5,"7":5,"8":0,"9":5,"10":2,"11":3,"12":1,"13":2,"14":5,"15":1,"16":4,"17":1,"18":3,"19":1,"20":2,"21":3,"22":3,"23":1,"24":2,"25":2,"26":7,"27":7,"28":7,"29":7,"30":2},"f":{"0":12,"1":5,"2":5,"3":3,"4":7,"5":2},"b":{"0":[1,11],"1":[1,10],"2":[5,5],"3":[5,0],"4":[2,3],"5":[1,2],"6":[1,4],"7":[1,3],"8":[1,2],"9":[3,3],"10":[1,2],"11":[2,1],"12":[5],"13":[4,3]},"_coverageSchema":"1a1c01bbd47fc00a2c39e90264f33305004495a9","hash":"cdc71b82d36c8ca290b33e7386f20b6cd90064fc"}
,"C:\\Users\\mojon\\Desktop\\SCHOOL\\4350\\CarDex\\CarDexFrontend\\src\\types\\types.ts": {"path":"C:\\Users\\mojon\\Desktop\\SCHOOL\\4350\\CarDex\\CarDexFrontend\\src\\types\\types.ts","statementMap":{},"fnMap":{},"branchMap":{},"s":{},"f":{},"b":{},"_coverageSchema":"1a1c01bbd47fc00a2c39e90264f33305004495a9","hash":"eb63113ab8dcb4c1aee60fb23cd11fc5800b1c75"}
}
