TN:
SF:src\App.tsx
FN:5,App
FNF:1
FNH:0
FNDA:0,App
DA:6,0
LF:1
LH:0
BRF:0
BRH:0
end_of_record
TN:
SF:src\index.tsx
FNF:0
FNH:0
DA:7,0
DA:10,0
DA:19,0
LF:3
LH:0
BRF:0
BRH:0
end_of_record
TN:
SF:src\logic\TradingEngine.ts
FN:21,(anonymous_0)
FN:64,(anonymous_1)
FN:86,(anonymous_2)
FN:116,(anonymous_3)
FN:157,(anonymous_4)
FN:171,(anonymous_5)
FNF:6
FNH:6
FNDA:12,(anonymous_0)
FNDA:5,(anonymous_1)
FNDA:5,(anonymous_2)
FNDA:3,(anonymous_3)
FNDA:7,(anonymous_4)
FNDA:2,(anonymous_5)
DA:31,12
DA:33,1
DA:37,11
DA:39,1
DA:45,10
DA:47,5
DA:50,5
DA:52,5
DA:57,0
DA:70,5
DA:72,2
DA:76,3
DA:78,1
DA:82,2
DA:93,5
DA:95,1
DA:99,4
DA:101,1
DA:105,3
DA:107,1
DA:111,2
DA:126,3
DA:135,3
DA:136,1
DA:140,2
DA:151,2
DA:163,7
DA:164,7
DA:165,7
DA:167,7
DA:172,2
LF:31
LH:30
BRDA:31,0,0,1
BRDA:31,0,1,11
BRDA:37,1,0,1
BRDA:37,1,1,10
BRDA:45,2,0,5
BRDA:45,2,1,5
BRDA:50,3,0,5
BRDA:50,3,1,0
BRDA:70,4,0,2
BRDA:70,4,1,3
BRDA:76,5,0,1
BRDA:76,5,1,2
BRDA:93,6,0,1
BRDA:93,6,1,4
BRDA:99,7,0,1
BRDA:99,7,1,3
BRDA:105,8,0,1
BRDA:105,8,1,2
BRDA:105,9,0,3
BRDA:105,9,1,3
BRDA:135,10,0,1
BRDA:135,10,1,2
BRDA:146,11,0,2
BRDA:146,11,1,1
BRDA:160,12,0,5
BRDA:167,13,0,4
BRDA:167,13,1,3
BRF:27
BRH:26
end_of_record
TN:
SF:src\types\types.ts
FNF:0
FNH:0
LF:0
LH:0
BRF:0
BRH:0
end_of_record
